<?xml version="1.0" encoding="UTF-8"?>
<!-- Generated by org.testng.reporters.JUnitXMLReporter -->
<testsuite ignored="0" hostname="LAPTOP-BKP9G1P2" failures="0" tests="3" name="Default test" time="9.659" errors="0" timestamp="2023-08-02T09:42:11 IST">
  <testcase classname="Maveen_TestNG.new_testNG.TestCase1" name="Testc1" time="3.533"/>
  <testcase classname="Maveen_TestNG.new_testNG.TestCase1" name="Testc2" time="1.58"/>
  <testcase classname="Maveen_TestNG.new_testNG.TestCase1" name="Testc3" time="0.002"/>
</testsuite> <!-- Default test -->
