<?xml version="1.0" encoding="UTF-8"?>
<!-- Generated by org.testng.reporters.JUnitXMLReporter -->
<testsuite ignored="1" hostname="LAPTOP-BKP9G1P2" failures="0" tests="2" name="demo Testng" time="7.138" errors="0" timestamp="2023-06-06T12:37:38 IST">
  <testcase classname="Maveen_TestNG.new_testNG.TestCase1" name="Testc1" time="4.021"/>
  <testcase classname="Maveen_TestNG.new_testNG.TestCase1" name="Testc3" time="0.0"/>
  <testcase classname="Maveen_TestNG.new_testNG.TestCase1" name="Testc2" time="0.0">
    <ignored/>
  </testcase> <!-- Testc2 -->
</testsuite> <!-- demo Testng -->
