<?xml version="1.0" encoding="UTF-8"?>
<testng-results ignored="0" total="3" passed="3" failed="0" skipped="0">
  <reporter-output>
  </reporter-output>
  <suite started-at="2023-08-02T09:42:01 IST" name="Default suite" finished-at="2023-08-02T09:42:11 IST" duration-ms="9659">
    <groups>
    </groups>
    <test started-at="2023-08-02T09:42:01 IST" name="Default test" finished-at="2023-08-02T09:42:11 IST" duration-ms="9659">
      <class name="Maveen_TestNG.new_testNG.TestCase1">
        <test-method is-config="true" signature="beforeClass()[pri:0, instance:Maveen_TestNG.new_testNG.TestCase1@21282ed8]" started-at="2023-08-02T09:42:01 IST" name="beforeClass" finished-at="2023-08-02T09:42:05 IST" duration-ms="4294" status="PASS">
          <reporter-output>
          </reporter-output>
        </test-method> <!-- beforeClass -->
        <test-method signature="Testc1()[pri:0, instance:Maveen_TestNG.new_testNG.TestCase1@21282ed8]" started-at="2023-08-02T09:42:05 IST" name="Testc1" finished-at="2023-08-02T09:42:09 IST" duration-ms="3533" status="PASS">
          <reporter-output>
          </reporter-output>
        </test-method> <!-- Testc1 -->
        <test-method signature="Testc2()[pri:0, instance:Maveen_TestNG.new_testNG.TestCase1@21282ed8]" started-at="2023-08-02T09:42:09 IST" name="Testc2" finished-at="2023-08-02T09:42:11 IST" duration-ms="1580" status="PASS">
          <reporter-output>
          </reporter-output>
        </test-method> <!-- Testc2 -->
        <test-method signature="Testc3()[pri:0, instance:Maveen_TestNG.new_testNG.TestCase1@21282ed8]" started-at="2023-08-02T09:42:11 IST" name="Testc3" finished-at="2023-08-02T09:42:11 IST" duration-ms="2" status="PASS">
          <reporter-output>
          </reporter-output>
        </test-method> <!-- Testc3 -->
        <test-method is-config="true" signature="afterClass()[pri:0, instance:Maveen_TestNG.new_testNG.TestCase1@21282ed8]" started-at="2023-08-02T09:42:11 IST" name="afterClass" finished-at="2023-08-02T09:42:11 IST" duration-ms="219" status="PASS">
          <reporter-output>
          </reporter-output>
        </test-method> <!-- afterClass -->
      </class> <!-- Maveen_TestNG.new_testNG.TestCase1 -->
    </test> <!-- Default test -->
  </suite> <!-- Default suite -->
</testng-results>
